2018-09-19 19:11:55 INFO  MainProcessor:34 - Checking input parameters...
2018-09-19 19:11:55 INFO  MainProcessor:36 - Input parameter detected: 
2018-09-19 19:11:55 DEBUG MainProcessor:38 - *** [0] ./input/Input01.xml
2018-09-19 19:11:55 DEBUG MainProcessor:38 - *** [1] ./input/Input02.xml
2018-09-19 19:11:55 DEBUG MainProcessor:38 - *** [2] ./input/Input03.xml
2018-09-19 19:11:55 INFO  MainProcessor:50 - Processing input file: ./input/Input01.xml
2018-09-19 19:11:55 INFO  MainProcessor:53 - Checking input file...
2018-09-19 19:11:55 INFO  MainProcessor:62 - Processing input file...
2018-09-19 19:11:55 INFO  FileImporter:39 - Importing input file...
2018-09-19 19:11:55 INFO  FileImporter:42 - Unmarshalling file content...
2018-09-19 19:11:55 DEBUG MainProcessor:65 - *** PRODUCTS: 
products{product{basicTaxes:false, importTaxes:false, name:book, quantity:1, price:12.49}product{basicTaxes:true, importTaxes:false, name:music CD, quantity:1, price:14.99}product{basicTaxes:false, importTaxes:false, name:chocolate bar, quantity:1, price:0.85}}
2018-09-19 19:11:55 INFO  MainProcessor:68 - Processing output receipt...
2018-09-19 19:11:55 INFO  ReceiptPrinter:36 - Starting receipt processing...
2018-09-19 19:11:55 DEBUG MainProcessor:71 - *** RECEIPT: 
book: 12,49
music CD: 16,49
chocolate bar: 0,85
Sales Taxes: 1,50
Total: 29,83
2018-09-19 19:11:55 INFO  MainProcessor:50 - Processing input file: ./input/Input02.xml
2018-09-19 19:11:55 INFO  MainProcessor:53 - Checking input file...
2018-09-19 19:11:55 INFO  MainProcessor:62 - Processing input file...
2018-09-19 19:11:55 INFO  FileImporter:39 - Importing input file...
2018-09-19 19:11:55 INFO  FileImporter:42 - Unmarshalling file content...
2018-09-19 19:11:55 DEBUG MainProcessor:65 - *** PRODUCTS: 
products{product{basicTaxes:false, importTaxes:true, name:box of chocolates, quantity:1, price:10.0}product{basicTaxes:true, importTaxes:true, name:imported bottle of perfume, quantity:1, price:47.5}}
2018-09-19 19:11:55 INFO  MainProcessor:68 - Processing output receipt...
2018-09-19 19:11:55 INFO  ReceiptPrinter:36 - Starting receipt processing...
2018-09-19 19:11:55 DEBUG MainProcessor:71 - *** RECEIPT: 
box of chocolates: 10,50
imported bottle of perfume: 54,65
Sales Taxes: 7,65
Total: 65,15
2018-09-19 19:11:55 INFO  MainProcessor:50 - Processing input file: ./input/Input03.xml
2018-09-19 19:11:55 INFO  MainProcessor:53 - Checking input file...
2018-09-19 19:11:55 INFO  MainProcessor:62 - Processing input file...
2018-09-19 19:11:55 INFO  FileImporter:39 - Importing input file...
2018-09-19 19:11:55 INFO  FileImporter:42 - Unmarshalling file content...
2018-09-19 19:11:55 DEBUG MainProcessor:65 - *** PRODUCTS: 
products{product{basicTaxes:true, importTaxes:true, name:imported bottle of perfume, quantity:1, price:27.99}product{basicTaxes:true, importTaxes:false, name:bottle of perfume, quantity:1, price:18.99}product{basicTaxes:false, importTaxes:false, name:packet of headache pills, quantity:1, price:9.75}product{basicTaxes:false, importTaxes:true, name:box of imported chocolates, quantity:1, price:11.25}}
2018-09-19 19:11:55 INFO  MainProcessor:68 - Processing output receipt...
2018-09-19 19:11:55 INFO  ReceiptPrinter:36 - Starting receipt processing...
2018-09-19 19:11:55 DEBUG MainProcessor:71 - *** RECEIPT: 
imported bottle of perfume: 32,19
bottle of perfume: 20,89
packet of headache pills: 9,75
box of imported chocolates: 11,80
Sales Taxes: 6,65
Total: 74,63
2018-09-19 19:11:55 INFO  MainProcessor:76 - Total file processed: 3, success: 3, errors: 0
2018-09-19 19:19:27 INFO  MainProcessor:? - Main process started!
2018-09-19 19:19:27 INFO  MainProcessor:? - Checking input parameters...
2018-09-19 19:19:27 INFO  MainProcessor:? - Input parameter detected: 
2018-09-19 19:19:27 DEBUG MainProcessor:? - *** [0] input/input01.xml
2018-09-19 19:19:27 DEBUG MainProcessor:? - *** [1] input/input02.xml
2018-09-19 19:19:27 DEBUG MainProcessor:? - *** [2] input/input03.xml
2018-09-19 19:19:27 INFO  MainProcessor:? - Processing input file: input/input01.xml
2018-09-19 19:19:27 INFO  MainProcessor:? - Checking input file...
2018-09-19 19:19:27 INFO  MainProcessor:? - Processing input file...
2018-09-19 19:19:27 INFO  FileImporter:? - Importing input file...
2018-09-19 19:19:27 INFO  FileImporter:? - Unmarshalling file content...
2018-09-19 19:19:27 DEBUG MainProcessor:? - *** PRODUCTS: 
products{product{basicTaxes:false, importTaxes:false, name:book, quantity:1, price:12.49}product{basicTaxes:true, importTaxes:false, name:music CD, quantity:1, price:14.99}product{basicTaxes:false, importTaxes:false, name:chocolate bar, quantity:1, price:0.85}}
2018-09-19 19:19:27 INFO  MainProcessor:? - Processing output receipt...
2018-09-19 19:19:27 INFO  ReceiptPrinter:? - Starting receipt processing...
2018-09-19 19:19:27 DEBUG MainProcessor:? - *** RECEIPT: 
book: 12,49
music CD: 16,49
chocolate bar: 0,85
Sales Taxes: 1,50
Total: 29,83
2018-09-19 19:19:27 INFO  MainProcessor:? - Processing input file: input/input02.xml
2018-09-19 19:19:27 INFO  MainProcessor:? - Checking input file...
2018-09-19 19:19:27 INFO  MainProcessor:? - Processing input file...
2018-09-19 19:19:27 INFO  FileImporter:? - Importing input file...
2018-09-19 19:19:27 INFO  FileImporter:? - Unmarshalling file content...
2018-09-19 19:19:27 DEBUG MainProcessor:? - *** PRODUCTS: 
products{product{basicTaxes:false, importTaxes:true, name:box of chocolates, quantity:1, price:10.0}product{basicTaxes:true, importTaxes:true, name:imported bottle of perfume, quantity:1, price:47.5}}
2018-09-19 19:19:27 INFO  MainProcessor:? - Processing output receipt...
2018-09-19 19:19:27 INFO  ReceiptPrinter:? - Starting receipt processing...
2018-09-19 19:19:27 DEBUG MainProcessor:? - *** RECEIPT: 
box of chocolates: 10,50
imported bottle of perfume: 54,65
Sales Taxes: 7,65
Total: 65,15
2018-09-19 19:19:27 INFO  MainProcessor:? - Processing input file: input/input03.xml
2018-09-19 19:19:27 INFO  MainProcessor:? - Checking input file...
2018-09-19 19:19:27 INFO  MainProcessor:? - Processing input file...
2018-09-19 19:19:27 INFO  FileImporter:? - Importing input file...
2018-09-19 19:19:27 INFO  FileImporter:? - Unmarshalling file content...
2018-09-19 19:19:27 DEBUG MainProcessor:? - *** PRODUCTS: 
products{product{basicTaxes:true, importTaxes:true, name:imported bottle of perfume, quantity:1, price:27.99}product{basicTaxes:true, importTaxes:false, name:bottle of perfume, quantity:1, price:18.99}product{basicTaxes:false, importTaxes:false, name:packet of headache pills, quantity:1, price:9.75}product{basicTaxes:false, importTaxes:true, name:box of imported chocolates, quantity:1, price:11.25}}
2018-09-19 19:19:27 INFO  MainProcessor:? - Processing output receipt...
2018-09-19 19:19:27 INFO  ReceiptPrinter:? - Starting receipt processing...
2018-09-19 19:19:27 DEBUG MainProcessor:? - *** RECEIPT: 
imported bottle of perfume: 32,19
bottle of perfume: 20,89
packet of headache pills: 9,75
box of imported chocolates: 11,80
Sales Taxes: 6,65
Total: 74,63
2018-09-19 19:19:27 INFO  MainProcessor:? - Total file processed: 3, success: 3, errors: 0
2018-09-19 19:19:27 INFO  MainProcessor:? - Main process ended in 90 milliseconds, with result code: 0
2018-09-19 19:20:36 INFO  MainProcessor:? - Main process started!
2018-09-19 19:20:36 INFO  MainProcessor:? - Checking input parameters...
2018-09-19 19:20:36 INFO  MainProcessor:? - Input parameter detected: 
2018-09-19 19:20:36 DEBUG MainProcessor:? - *** [0] input/input01.xml
2018-09-19 19:20:36 DEBUG MainProcessor:? - *** [1] input/input02.xml
2018-09-19 19:20:36 DEBUG MainProcessor:? - *** [2] input/input03.xml
2018-09-19 19:20:36 INFO  MainProcessor:? - Processing input file: input/input01.xml
2018-09-19 19:20:36 INFO  MainProcessor:? - Checking input file...
2018-09-19 19:20:36 INFO  MainProcessor:? - Processing input file...
2018-09-19 19:20:36 INFO  FileImporter:? - Importing input file...
2018-09-19 19:20:36 INFO  FileImporter:? - Unmarshalling file content...
2018-09-19 19:20:36 DEBUG MainProcessor:? - *** PRODUCTS: 
products{product{basicTaxes:false, importTaxes:false, name:book, quantity:1, price:12.49}product{basicTaxes:true, importTaxes:false, name:music CD, quantity:1, price:14.99}product{basicTaxes:false, importTaxes:false, name:chocolate bar, quantity:1, price:0.85}}
2018-09-19 19:20:36 INFO  MainProcessor:? - Processing output receipt...
2018-09-19 19:20:36 INFO  ReceiptPrinter:? - Starting receipt processing...
2018-09-19 19:20:36 DEBUG MainProcessor:? - *** RECEIPT: 
book: 12,49
music CD: 16,49
chocolate bar: 0,85
Sales Taxes: 1,50
Total: 29,83
2018-09-19 19:20:36 INFO  MainProcessor:? - Processing input file: input/input02.xml
2018-09-19 19:20:36 INFO  MainProcessor:? - Checking input file...
2018-09-19 19:20:36 INFO  MainProcessor:? - Processing input file...
2018-09-19 19:20:36 INFO  FileImporter:? - Importing input file...
2018-09-19 19:20:36 INFO  FileImporter:? - Unmarshalling file content...
2018-09-19 19:20:36 DEBUG MainProcessor:? - *** PRODUCTS: 
products{product{basicTaxes:false, importTaxes:true, name:box of chocolates, quantity:1, price:10.0}product{basicTaxes:true, importTaxes:true, name:imported bottle of perfume, quantity:1, price:47.5}}
2018-09-19 19:20:36 INFO  MainProcessor:? - Processing output receipt...
2018-09-19 19:20:36 INFO  ReceiptPrinter:? - Starting receipt processing...
2018-09-19 19:20:36 DEBUG MainProcessor:? - *** RECEIPT: 
box of chocolates: 10,50
imported bottle of perfume: 54,65
Sales Taxes: 7,65
Total: 65,15
2018-09-19 19:20:36 INFO  MainProcessor:? - Processing input file: input/input03.xml
2018-09-19 19:20:36 INFO  MainProcessor:? - Checking input file...
2018-09-19 19:20:36 INFO  MainProcessor:? - Processing input file...
2018-09-19 19:20:36 INFO  FileImporter:? - Importing input file...
2018-09-19 19:20:36 INFO  FileImporter:? - Unmarshalling file content...
2018-09-19 19:20:36 DEBUG MainProcessor:? - *** PRODUCTS: 
products{product{basicTaxes:true, importTaxes:true, name:imported bottle of perfume, quantity:1, price:27.99}product{basicTaxes:true, importTaxes:false, name:bottle of perfume, quantity:1, price:18.99}product{basicTaxes:false, importTaxes:false, name:packet of headache pills, quantity:1, price:9.75}product{basicTaxes:false, importTaxes:true, name:box of imported chocolates, quantity:1, price:11.25}}
2018-09-19 19:20:36 INFO  MainProcessor:? - Processing output receipt...
2018-09-19 19:20:36 INFO  ReceiptPrinter:? - Starting receipt processing...
2018-09-19 19:20:36 DEBUG MainProcessor:? - *** RECEIPT: 
imported bottle of perfume: 32,19
bottle of perfume: 20,89
packet of headache pills: 9,75
box of imported chocolates: 11,80
Sales Taxes: 6,65
Total: 74,63
2018-09-19 19:20:36 INFO  MainProcessor:? - Total file processed: 3, success: 3, errors: 0
2018-09-19 19:20:36 INFO  MainProcessor:? - Main process ended in 80 milliseconds, with result code: 0
2018-09-20 11:10:45 INFO  MainProcessor:? - Main process started!
2018-09-20 11:10:45 INFO  MainProcessor:? - Checking input parameters...
2018-09-20 11:10:45 INFO  MainProcessor:? - Input parameter detected: 
2018-09-20 11:10:45 DEBUG MainProcessor:? - *** [0] input/input01.xml
2018-09-20 11:10:45 DEBUG MainProcessor:? - *** [1] input/input02.xml
2018-09-20 11:10:45 DEBUG MainProcessor:? - *** [2] input/input03.xml
2018-09-20 11:10:45 INFO  MainProcessor:? - Processing input file: input/input01.xml
2018-09-20 11:10:45 INFO  MainProcessor:? - Checking input file...
2018-09-20 11:10:45 INFO  MainProcessor:? - Processing input file...
2018-09-20 11:10:45 INFO  FileImporter:? - Importing input file...
2018-09-20 11:10:45 INFO  FileImporter:? - Unmarshalling file content...
2018-09-20 11:10:45 DEBUG MainProcessor:? - *** PRODUCTS: 
products{product{basicTaxes:false, importTaxes:false, name:book, quantity:1, price:12.49}product{basicTaxes:true, importTaxes:false, name:music CD, quantity:1, price:14.99}product{basicTaxes:false, importTaxes:false, name:chocolate bar, quantity:1, price:0.85}}
2018-09-20 11:10:45 INFO  MainProcessor:? - Processing output receipt...
2018-09-20 11:10:45 INFO  ReceiptPrinter:? - Starting receipt processing...
2018-09-20 11:10:45 DEBUG MainProcessor:? - *** RECEIPT: 
book: 12,49
music CD: 16,49
chocolate bar: 0,85
Sales Taxes: 1,50
Total: 29,83
2018-09-20 11:10:45 INFO  MainProcessor:? - Processing input file: input/input02.xml
2018-09-20 11:10:45 INFO  MainProcessor:? - Checking input file...
2018-09-20 11:10:45 INFO  MainProcessor:? - Processing input file...
2018-09-20 11:10:45 INFO  FileImporter:? - Importing input file...
2018-09-20 11:10:45 INFO  FileImporter:? - Unmarshalling file content...
2018-09-20 11:10:45 DEBUG MainProcessor:? - *** PRODUCTS: 
products{product{basicTaxes:false, importTaxes:true, name:box of chocolates, quantity:1, price:10.0}product{basicTaxes:true, importTaxes:true, name:imported bottle of perfume, quantity:1, price:47.5}}
2018-09-20 11:10:45 INFO  MainProcessor:? - Processing output receipt...
2018-09-20 11:10:45 INFO  ReceiptPrinter:? - Starting receipt processing...
2018-09-20 11:10:45 DEBUG MainProcessor:? - *** RECEIPT: 
box of chocolates: 10,50
imported bottle of perfume: 54,65
Sales Taxes: 7,65
Total: 65,15
2018-09-20 11:10:45 INFO  MainProcessor:? - Processing input file: input/input03.xml
2018-09-20 11:10:45 INFO  MainProcessor:? - Checking input file...
2018-09-20 11:10:45 INFO  MainProcessor:? - Processing input file...
2018-09-20 11:10:45 INFO  FileImporter:? - Importing input file...
2018-09-20 11:10:45 INFO  FileImporter:? - Unmarshalling file content...
2018-09-20 11:10:45 DEBUG MainProcessor:? - *** PRODUCTS: 
products{product{basicTaxes:true, importTaxes:true, name:imported bottle of perfume, quantity:1, price:27.99}product{basicTaxes:true, importTaxes:false, name:bottle of perfume, quantity:1, price:18.99}product{basicTaxes:false, importTaxes:false, name:packet of headache pills, quantity:1, price:9.75}product{basicTaxes:false, importTaxes:true, name:box of imported chocolates, quantity:1, price:11.25}}
2018-09-20 11:10:45 INFO  MainProcessor:? - Processing output receipt...
2018-09-20 11:10:45 INFO  ReceiptPrinter:? - Starting receipt processing...
2018-09-20 11:10:45 DEBUG MainProcessor:? - *** RECEIPT: 
imported bottle of perfume: 32,19
bottle of perfume: 20,89
packet of headache pills: 9,75
box of imported chocolates: 11,80
Sales Taxes: 6,65
Total: 74,63
2018-09-20 11:10:45 INFO  MainProcessor:? - Total file processed: 3, success: 3, errors: 0
2018-09-20 11:10:45 INFO  MainProcessor:? - Main process ended in 130 milliseconds, with result code: 0
2018-09-20 11:12:39 INFO  MainProcessor:95 - Main process started!
2018-09-20 11:12:39 INFO  MainProcessor:34 - Checking input parameters...
2018-09-20 11:12:39 INFO  MainProcessor:76 - Total file processed: 0, success: 0, errors: 0
2018-09-20 11:12:39 INFO  MainProcessor:103 - Main process ended in 0 milliseconds, with result code: 0
2018-09-20 11:14:06 INFO  MainProcessor:95 - Main process started!
2018-09-20 11:14:06 INFO  MainProcessor:34 - Checking input parameters...
2018-09-20 11:14:06 INFO  MainProcessor:76 - Total file processed: 0, success: 0, errors: 0
2018-09-20 11:14:06 INFO  MainProcessor:103 - Main process ended in 10 milliseconds, with result code: 0
